<?xml version="1.0" encoding="UTF-8" standalone="yes"?><!DOCTYPE report PUBLIC "-//JACOCO//DTD Report 1.1//EN" "report.dtd"><report name="Minesweeper"><sessioninfo id="MSI-b0575969" start="1709629792083" dump="1709629793215"/><package name=""><class name="App" sourcefilename="App.java"><method name="&lt;init&gt;" desc="()V" line="1"><counter type="INSTRUCTION" missed="3" covered="0"/><counter type="LINE" missed="1" covered="0"/><counter type="COMPLEXITY" missed="1" covered="0"/><counter type="METHOD" missed="1" covered="0"/></method><method name="main" desc="([Ljava/lang/String;)V" line="3"><counter type="INSTRUCTION" missed="5" covered="0"/><counter type="LINE" missed="2" covered="0"/><counter type="COMPLEXITY" missed="1" covered="0"/><counter type="METHOD" missed="1" covered="0"/></method><counter type="INSTRUCTION" missed="8" covered="0"/><counter type="LINE" missed="3" covered="0"/><counter type="COMPLEXITY" missed="2" covered="0"/><counter type="METHOD" missed="2" covered="0"/><counter type="CLASS" missed="1" covered="0"/></class><class name="Minesweeper$1" sourcefilename="Minesweeper.java"><method name="&lt;init&gt;" desc="(LMinesweeper;)V" line="71"><counter type="INSTRUCTION" missed="0" covered="6"/><counter type="LINE" missed="0" covered="1"/><counter type="COMPLEXITY" missed="0" covered="1"/><counter type="METHOD" missed="0" covered="1"/></method><method name="mousePressed" desc="(Ljava/awt/event/MouseEvent;)V" line="74"><counter type="INSTRUCTION" missed="59" covered="0"/><counter type="BRANCH" missed="16" covered="0"/><counter type="LINE" missed="14" covered="0"/><counter type="COMPLEXITY" missed="9" covered="0"/><counter type="METHOD" missed="1" covered="0"/></method><counter type="INSTRUCTION" missed="59" covered="6"/><counter type="BRANCH" missed="16" covered="0"/><counter type="LINE" missed="14" covered="1"/><counter type="COMPLEXITY" missed="9" covered="1"/><counter type="METHOD" missed="1" covered="1"/><counter type="CLASS" missed="0" covered="1"/></class><class name="Minesweeper" sourcefilename="Minesweeper.java"><method name="&lt;init&gt;" desc="()V" line="25"><counter type="INSTRUCTION" missed="0" covered="124"/><counter type="LINE" missed="0" covered="27"/><counter type="COMPLEXITY" missed="0" covered="1"/><counter type="METHOD" missed="0" covered="1"/></method><method name="initializeBoard" desc="()V" line="63"><counter type="INSTRUCTION" missed="0" covered="60"/><counter type="BRANCH" missed="0" covered="4"/><counter type="LINE" missed="0" covered="10"/><counter type="COMPLEXITY" missed="0" covered="3"/><counter type="METHOD" missed="0" covered="1"/></method><method name="setMines" desc="()V" line="103"><counter type="INSTRUCTION" missed="0" covered="39"/><counter type="BRANCH" missed="0" covered="4"/><counter type="LINE" missed="0" covered="11"/><counter type="COMPLEXITY" missed="0" covered="3"/><counter type="METHOD" missed="0" covered="1"/></method><method name="revealMines" desc="()V" line="119"><counter type="INSTRUCTION" missed="0" covered="23"/><counter type="BRANCH" missed="0" covered="2"/><counter type="LINE" missed="0" covered="6"/><counter type="COMPLEXITY" missed="0" covered="2"/><counter type="METHOD" missed="0" covered="1"/></method><method name="checkMine" desc="(II)V" line="128"><counter type="INSTRUCTION" missed="195" covered="0"/><counter type="BRANCH" missed="14" covered="0"/><counter type="LINE" missed="31" covered="0"/><counter type="COMPLEXITY" missed="8" covered="0"/><counter type="METHOD" missed="1" covered="0"/></method><method name="countMine" desc="(II)I" line="176"><counter type="INSTRUCTION" missed="26" covered="0"/><counter type="BRANCH" missed="10" covered="0"/><counter type="LINE" missed="5" covered="0"/><counter type="COMPLEXITY" missed="6" covered="0"/><counter type="METHOD" missed="1" covered="0"/></method><counter type="INSTRUCTION" missed="221" covered="246"/><counter type="BRANCH" missed="24" covered="10"/><counter type="LINE" missed="36" covered="54"/><counter type="COMPLEXITY" missed="14" covered="9"/><counter type="METHOD" missed="2" covered="4"/><counter type="CLASS" missed="0" covered="1"/></class><class name="Minesweeper$MineTile" sourcefilename="Minesweeper.java"><method name="&lt;init&gt;" desc="(LMinesweeper;II)V" line="12"><counter type="INSTRUCTION" missed="0" covered="12"/><counter type="LINE" missed="0" covered="4"/><counter type="COMPLEXITY" missed="0" covered="1"/><counter type="METHOD" missed="0" covered="1"/></method><counter type="INSTRUCTION" missed="0" covered="12"/><counter type="LINE" missed="0" covered="4"/><counter type="COMPLEXITY" missed="0" covered="1"/><counter type="METHOD" missed="0" covered="1"/><counter type="CLASS" missed="0" covered="1"/></class><sourcefile name="App.java"><line nr="1" mi="3" ci="0" mb="0" cb="0"/><line nr="3" mi="4" ci="0" mb="0" cb="0"/><line nr="4" mi="1" ci="0" mb="0" cb="0"/><counter type="INSTRUCTION" missed="8" covered="0"/><counter type="LINE" missed="3" covered="0"/><counter type="COMPLEXITY" missed="2" covered="0"/><counter type="METHOD" missed="2" covered="0"/><counter type="CLASS" missed="1" covered="0"/></sourcefile><sourcefile name="Minesweeper.java"><line nr="12" mi="0" ci="5" mb="0" cb="0"/><line nr="13" mi="0" ci="3" mb="0" cb="0"/><line nr="14" mi="0" ci="3" mb="0" cb="0"/><line nr="15" mi="0" ci="1" mb="0" cb="0"/><line nr="25" mi="0" ci="6" mb="0" cb="0"/><line nr="26" mi="0" ci="5" mb="0" cb="0"/><line nr="27" mi="0" ci="5" mb="0" cb="0"/><line nr="28" mi="0" ci="5" mb="0" cb="0"/><line nr="30" mi="0" ci="5" mb="0" cb="0"/><line nr="32" mi="0" ci="5" mb="0" cb="0"/><line nr="34" mi="0" ci="3" mb="0" cb="0"/><line nr="35" mi="0" ci="3" mb="0" cb="0"/><line nr="37" mi="0" ci="2" mb="0" cb="0"/><line nr="38" mi="0" ci="5" mb="0" cb="0"/><line nr="39" mi="0" ci="4" mb="0" cb="0"/><line nr="40" mi="0" ci="4" mb="0" cb="0"/><line nr="41" mi="0" ci="4" mb="0" cb="0"/><line nr="42" mi="0" ci="6" mb="0" cb="0"/><line nr="44" mi="0" ci="9" mb="0" cb="0"/><line nr="45" mi="0" ci="4" mb="0" cb="0"/><line nr="46" mi="0" ci="4" mb="0" cb="0"/><line nr="47" mi="0" ci="4" mb="0" cb="0"/><line nr="49" mi="0" ci="6" mb="0" cb="0"/><line nr="50" mi="0" ci="6" mb="0" cb="0"/><line nr="51" mi="0" ci="6" mb="0" cb="0"/><line nr="53" mi="0" ci="8" mb="0" cb="0"/><line nr="54" mi="0" ci="6" mb="0" cb="0"/><line nr="56" mi="0" ci="2" mb="0" cb="0"/><line nr="57" mi="0" ci="4" mb="0" cb="0"/><line nr="59" mi="0" ci="2" mb="0" cb="0"/><line nr="60" mi="0" ci="1" mb="0" cb="0"/><line nr="63" mi="0" ci="7" mb="0" cb="2"/><line nr="64" mi="0" ci="7" mb="0" cb="2"/><line nr="65" mi="0" ci="7" mb="0" cb="0"/><line nr="66" mi="0" ci="7" mb="0" cb="0"/><line nr="68" mi="0" ci="3" mb="0" cb="0"/><line nr="69" mi="0" ci="9" mb="0" cb="0"/><line nr="70" mi="0" ci="8" mb="0" cb="0"/><line nr="71" mi="0" ci="12" mb="0" cb="0"/><line nr="74" mi="4" ci="0" mb="2" cb="0"/><line nr="75" mi="1" ci="0" mb="0" cb="0"/><line nr="77" mi="4" ci="0" mb="0" cb="0"/><line nr="79" mi="4" ci="0" mb="2" cb="0"/><line nr="80" mi="4" ci="0" mb="2" cb="0"/><line nr="81" mi="6" ci="0" mb="2" cb="0"/><line nr="82" mi="4" ci="0" mb="0" cb="0"/><line nr="84" mi="8" ci="0" mb="0" cb="0"/><line nr="87" mi="4" ci="0" mb="2" cb="0"/><line nr="88" mi="7" ci="0" mb="4" cb="0"/><line nr="89" mi="4" ci="0" mb="0" cb="0"/><line nr="90" mi="5" ci="0" mb="2" cb="0"/><line nr="91" mi="3" ci="0" mb="0" cb="0"/><line nr="94" mi="1" ci="0" mb="0" cb="0"/><line nr="97" mi="0" ci="5" mb="0" cb="0"/><line nr="100" mi="0" ci="1" mb="0" cb="0"/><line nr="103" mi="0" ci="5" mb="0" cb="0"/><line nr="105" mi="0" ci="2" mb="0" cb="0"/><line nr="106" mi="0" ci="2" mb="0" cb="2"/><line nr="107" mi="0" ci="5" mb="0" cb="0"/><line nr="108" mi="0" ci="5" mb="0" cb="0"/><line nr="110" mi="0" ci="7" mb="0" cb="0"/><line nr="111" mi="0" ci="5" mb="0" cb="2"/><line nr="112" mi="0" ci="5" mb="0" cb="0"/><line nr="113" mi="0" ci="1" mb="0" cb="0"/><line nr="115" mi="0" ci="1" mb="0" cb="0"/><line nr="116" mi="0" ci="1" mb="0" cb="0"/><line nr="119" mi="0" ci="11" mb="0" cb="2"/><line nr="120" mi="0" ci="3" mb="0" cb="0"/><line nr="121" mi="0" ci="1" mb="0" cb="0"/><line nr="123" mi="0" ci="3" mb="0" cb="0"/><line nr="124" mi="0" ci="4" mb="0" cb="0"/><line nr="125" mi="0" ci="1" mb="0" cb="0"/><line nr="128" mi="10" ci="0" mb="8" cb="0"/><line nr="129" mi="1" ci="0" mb="0" cb="0"/><line nr="132" mi="7" ci="0" mb="0" cb="0"/><line nr="133" mi="3" ci="0" mb="2" cb="0"/><line nr="134" mi="1" ci="0" mb="0" cb="0"/><line nr="136" mi="3" ci="0" mb="0" cb="0"/><line nr="137" mi="6" ci="0" mb="0" cb="0"/><line nr="139" mi="2" ci="0" mb="0" cb="0"/><line nr="141" mi="11" ci="0" mb="0" cb="0"/><line nr="142" mi="9" ci="0" mb="0" cb="0"/><line nr="143" mi="11" ci="0" mb="0" cb="0"/><line nr="145" mi="9" ci="0" mb="0" cb="0"/><line nr="146" mi="9" ci="0" mb="0" cb="0"/><line nr="148" mi="11" ci="0" mb="0" cb="0"/><line nr="149" mi="9" ci="0" mb="0" cb="0"/><line nr="150" mi="11" ci="0" mb="0" cb="0"/><line nr="152" mi="2" ci="0" mb="2" cb="0"/><line nr="153" mi="5" ci="0" mb="0" cb="0"/><line nr="155" mi="3" ci="0" mb="0" cb="0"/><line nr="157" mi="8" ci="0" mb="0" cb="0"/><line nr="158" mi="6" ci="0" mb="0" cb="0"/><line nr="159" mi="8" ci="0" mb="0" cb="0"/><line nr="161" mi="6" ci="0" mb="0" cb="0"/><line nr="162" mi="6" ci="0" mb="0" cb="0"/><line nr="164" mi="8" ci="0" mb="0" cb="0"/><line nr="165" mi="6" ci="0" mb="0" cb="0"/><line nr="166" mi="8" ci="0" mb="0" cb="0"/><line nr="169" mi="8" ci="0" mb="2" cb="0"/><line nr="170" mi="3" ci="0" mb="0" cb="0"/><line nr="171" mi="4" ci="0" mb="0" cb="0"/><line nr="173" mi="1" ci="0" mb="0" cb="0"/><line nr="176" mi="10" ci="0" mb="8" cb="0"/><line nr="177" mi="2" ci="0" mb="0" cb="0"/><line nr="179" mi="10" ci="0" mb="2" cb="0"/><line nr="180" mi="2" ci="0" mb="0" cb="0"/><line nr="182" mi="2" ci="0" mb="0" cb="0"/><counter type="INSTRUCTION" missed="280" covered="264"/><counter type="BRANCH" missed="40" covered="10"/><counter type="LINE" missed="50" covered="58"/><counter type="COMPLEXITY" missed="23" covered="11"/><counter type="METHOD" missed="3" covered="6"/><counter type="CLASS" missed="0" covered="3"/></sourcefile><counter type="INSTRUCTION" missed="288" covered="264"/><counter type="BRANCH" missed="40" covered="10"/><counter type="LINE" missed="53" covered="58"/><counter type="COMPLEXITY" missed="25" covered="11"/><counter type="METHOD" missed="5" covered="6"/><counter type="CLASS" missed="1" covered="3"/></package><counter type="INSTRUCTION" missed="288" covered="264"/><counter type="BRANCH" missed="40" covered="10"/><counter type="LINE" missed="53" covered="58"/><counter type="COMPLEXITY" missed="25" covered="11"/><counter type="METHOD" missed="5" covered="6"/><counter type="CLASS" missed="1" covered="3"/></report>